app/build/outputs/mapping/release/seeds.txt
com.yelinaung.luluaung.AndroidApp
com.yelinaung.luluaung.AndroidApp: AndroidApp()
com.yelinaung.luluaung.R$anim: int abc_fade_in
com.yelinaung.luluaung.R$anim: int abc_fade_out
com.yelinaung.luluaung.R$anim: int abc_grow_fade_in_from_bottom
com.yelinaung.luluaung.R$anim: int abc_popup_enter
com.yelinaung.luluaung.R$anim: int abc_popup_exit
com.yelinaung.luluaung.R$anim: int abc_shrink_fade_out_from_bottom
com.yelinaung.luluaung.R$anim: int abc_slide_in_bottom
com.yelinaung.luluaung.R$anim: int abc_slide_in_top
com.yelinaung.luluaung.R$anim: int abc_slide_out_bottom
com.yelinaung.luluaung.R$anim: int abc_slide_out_top
com.yelinaung.luluaung.R$anim: int design_appbar_state_list_animator
com.yelinaung.luluaung.R$anim: int design_bottom_sheet_slide_in
com.yelinaung.luluaung.R$anim: int design_bottom_sheet_slide_out
com.yelinaung.luluaung.R$anim: int design_fab_in
com.yelinaung.luluaung.R$anim: int design_fab_out
com.yelinaung.luluaung.R$anim: int design_snackbar_in
com.yelinaung.luluaung.R$anim: int design_snackbar_out
com.yelinaung.luluaung.R$anim: int fab_animation
com.yelinaung.luluaung.R$attr: int actionBarDivider
com.yelinaung.luluaung.R$attr: int actionBarItemBackground
com.yelinaung.luluaung.R$attr: int actionBarPopupTheme
com.yelinaung.luluaung.R$attr: int actionBarSize
com.yelinaung.luluaung.R$attr: int actionBarSplitStyle
com.yelinaung.luluaung.R$attr: int actionBarStyle
com.yelinaung.luluaung.R$attr: int actionBarTabBarStyle
com.yelinaung.luluaung.R$attr: int actionBarTabStyle
com.yelinaung.luluaung.R$attr: int actionBarTabTextStyle
com.yelinaung.luluaung.R$attr: int actionBarTheme
com.yelinaung.luluaung.R$attr: int actionBarWidgetTheme
com.yelinaung.luluaung.R$attr: int actionButtonStyle
com.yelinaung.luluaung.R$attr: int actionDropDownStyle
com.yelinaung.luluaung.R$attr: int actionLayout
com.yelinaung.luluaung.R$attr: int actionMenuTextAppearance
com.yelinaung.luluaung.R$attr: int actionMenuTextColor
com.yelinaung.luluaung.R$attr: int actionModeBackground
com.yelinaung.luluaung.R$attr: int actionModeCloseButtonStyle
com.yelinaung.luluaung.R$attr: int actionModeCloseDrawable
com.yelinaung.luluaung.R$attr: int actionModeCopyDrawable
com.yelinaung.luluaung.R$attr: int actionModeCutDrawable
com.yelinaung.luluaung.R$attr: int actionModeFindDrawable
com.yelinaung.luluaung.R$attr: int actionModePasteDrawable
com.yelinaung.luluaung.R$attr: int actionModePopupWindowStyle
com.yelinaung.luluaung.R$attr: int actionModeSelectAllDrawable
com.yelinaung.luluaung.R$attr: int actionModeShareDrawable
com.yelinaung.luluaung.R$bool: int abc_action_bar_embed_tabs
com.yelinaung.luluaung.R$bool: int abc_allow_stacked_button_bar
com.yelinaung.luluaung.R$bool: int abc_config_actionMenuItemAllCaps
com.yelinaung.luluaung.R$bool: int abc_config_closeDialogWhenTouchOutside
com.yelinaung.luluaung.R$bool: int abc_config_showMenuShortcutsWhenKeyboardPresent
...
android.support.design.widget.TabLayout$OnTabSelectedListener
android.support.design.widget.TabLayout$OnTabSelectedListener: void onTabSelected(android.support.design.widget.TabLayout$Tab)
android.support.design.widget.TabLayout$OnTabSelectedListener: void onTabUnselected(android.support.design.widget.TabLayout$Tab)
android.support.design.widget.TabLayout$OnTabSelectedListener: void onTabReselected(android.support.design.widget.TabLayout$Tab)
android.support.design.widget.TabLayout$PagerAdapterObserver
android.support.design.widget.TabLayout$PagerAdapterObserver: android.support.design.widget.TabLayout this$0
android.support.design.widget.TabLayout$PagerAdapterObserver: TabLayout$PagerAdapterObserver(android.support.design.widget.TabLayout)
android.support.design.widget.TabLayout$PagerAdapterObserver: void onChanged()
android.support.design.widget.TabLayout$PagerAdapterObserver: void onInvalidated()
android.support.design.widget.TabLayout$PagerAdapterObserver: TabLayout$PagerAdapterObserver(android.support.design.widget.TabLayout,android.support.design.widget.TabLayout$1)
android.support.design.widget.TabLayout$SlidingTabStrip
android.support.design.widget.TabLayout$SlidingTabStrip: int mSelectedIndicatorHeight
android.support.design.widget.TabLayout$SlidingTabStrip: android.graphics.Paint mSelectedIndicatorPaint
android.support.design.widget.TabLayout$SlidingTabStrip: int mSelectedPosition
android.support.design.widget.TabLayout$SlidingTabStrip: float mSelectionOffset
android.support.design.widget.TabLayout$SlidingTabStrip: int mIndicatorLeft
android.support.design.widget.TabLayout$SlidingTabStrip: int mIndicatorRight
android.support.design.widget.TabLayout$SlidingTabStrip: android.support.design.widget.ValueAnimatorCompat mIndicatorAnimator
android.support.design.widget.TabLayout$SlidingTabStrip: android.support.design.widget.TabLayout this$0
android.support.design.widget.TabLayout$SlidingTabStrip: TabLayout$SlidingTabStrip(android.support.design.widget.TabLayout,android.content.Context)
android.support.design.widget.TabLayout$SlidingTabStrip: void setSelectedIndicatorColor(int)
android.support.design.widget.TabLayout$SlidingTabStrip: void setSelectedIndicatorHeight(int)
android.support.design.widget.TabLayout$SlidingTabStrip: boolean childrenNeedLayout()
android.support.design.widget.TabLayout$SlidingTabStrip: void setIndicatorPositionFromTabPosition(int,float)
android.support.design.widget.TabLayout$SlidingTabStrip: float getIndicatorPosition()
android.support.design.widget.TabLayout$SlidingTabStrip: void onMeasure(int,int)
android.support.design.widget.TabLayout$SlidingTabStrip$1
android.support.design.widget.TabLayout$SlidingTabStrip$1: int val$startLeft
android.support.design.widget.TabLayout$SlidingTabStrip$1: int val$targetLeft
android.support.design.widget.TabLayout$SlidingTabStrip$1: int val$startRight
android.support.design.widget.TabLayout$SlidingTabStrip$1: int val$targetRight
android.support.design.widget.TabLayout$SlidingTabStrip$1: android.support.design.widget.TabLayout$SlidingTabStrip this$1
android.support.design.widget.TabLayout$SlidingTabStrip$1: TabLayout$SlidingTabStrip$1(android.support.design.widget.TabLayout$SlidingTabStrip,int,int,int,int)
android.support.design.widget.TabLayout$SlidingTabStrip$1: void onAnimationUpdate(android.support.design.widget.ValueAnimatorCompat)
android.support.design.widget.TabLayout$SlidingTabStrip$2
android.support.design.widget.TabLayout$SlidingTabStrip$2: int val$position
android.support.design.widget.TabLayout$SlidingTabStrip$2: android.support.design.widget.TabLayout$SlidingTabStrip this$1
android.support.design.widget.TabLayout$SlidingTabStrip$2: TabLayout$SlidingTabStrip$2(android.support.design.widget.TabLayout$SlidingTabStrip,int)
android.support.design.widget.TabLayout$SlidingTabStrip$2: void onAnimationEnd(android.support.design.widget.ValueAnimatorCompat)