app/build/outputs/mapping/release/usage.txt
com.yelinaung.luluaung.AndroidApp:
    16:16:public final com.yelinaung.luluaung.component.ApplicationComponent getApplicationComponent()
    16:16:public final void setApplicationComponent(com.yelinaung.luluaung.component.ApplicationComponent)
    18:18:public final com.yelinaung.luluaung.component.RemoteComponent getRepoComponent()
    18:18:public final void setRepoComponent(com.yelinaung.luluaung.component.RemoteComponent)
    20:20:public final void setDataComponent(com.yelinaung.luluaung.component.DataComponent)
com.yelinaung.luluaung.BuildConfig
com.yelinaung.luluaung.R:
    10:10:public R()
com.yelinaung.luluaung.R$anim
com.yelinaung.luluaung.R$attr
com.yelinaung.luluaung.R$bool
com.yelinaung.luluaung.R$color
com.yelinaung.luluaung.R$dimen
com.yelinaung.luluaung.R$drawable
com.yelinaung.luluaung.R$id:
    2712:2712:public R$id()
com.yelinaung.luluaung.R$integer
com.yelinaung.luluaung.R$layout
com.yelinaung.luluaung.R$mipmap
com.yelinaung.luluaung.R$string
com.yelinaung.luluaung.R$style
com.yelinaung.luluaung.R$styleable
com.yelinaung.luluaung.adapters.DetailPagerAdapter:
    13:13:public final int getTotalItems()
    13:13:public final java.util.List getList()
com.yelinaung.luluaung.adapters.ImageRecyclerAdapter:
    24:24:public final android.content.Context getContext()
    24:24:public final void setContext(android.content.Context)
    25:25:public final int getPRORESS()
    26:26:public final int getITEM()
    27:27:public final java.util.HashMap getMap()
    27:27:public final void setMap(java.util.HashMap)
    28:28:public final java.util.List getList()
    28:28:public final void setList(java.util.List)
    32:32:public final java.util.List getItems()
    41:41:public final com.yelinaung.luluaung.model.network.Datum getItemAtPosition(int)
com.yelinaung.luluaung.adapters.viewholders.Image
com.yelinaung.luluaung.adapters.viewholders.ImageViewHolder:
    13:13:public final void setImg(android.widget.ImageView)
com.yelinaung.luluaung.component.ApplicationComponent:
    public abstract android.content.Context context()
    public abstract retrofit2.Retrofit retrofit()
com.yelinaung.luluaung.component.DaggerApplicationComponent:
    100:100:public android.content.Context context()
    105:105:public retrofit2.Retrofit retrofit()
com.yelinaung.luluaung.component.DaggerDataComponent$Builder:
    175:176:public com.yelinaung.luluaung.component.DaggerDataComponent$Builder dataModule(com.yelinaung.luluaung.module.DataModule)
com.yelinaung.luluaung.component.DaggerRemoteComponent$Builder:
    38:39:public com.yelinaung.luluaung.component.DaggerRemoteComponent$Builder remoteModule(com.yelinaung.luluaung.module.RemoteModule)
com.yelinaung.luluaung.event.BitmapClick
com.yelinaung.luluaung.model.network.ApiConfigKt:
    public static final java.lang.String AFTER
com.yelinaung.luluaung.model.network.Cursors:
    private java.lang.String before
    22:22:public final java.lang.String getBefore()
    22:22:public final void setBefore(java.lang.String)
    35:35:public final void setAfter(java.lang.String)
    38:39:public final com.yelinaung.luluaung.model.network.Cursors withBefore(java.lang.String)
    43:44:public final com.yelinaung.luluaung.model.network.Cursors withAfter(java.lang.String)
    10:10:public Cursors()
com.yelinaung.luluaung.model.network.Datum:
    27:27:public final void setImages(java.util.List)
    41:41:public final java.lang.String getName()
    41:41:public final void setName(java.lang.String)
    45:45:public final java.lang.String getId()
    45:45:public final void setId(java.lang.String)
    48:49:public final com.yelinaung.luluaung.model.network.Datum withImages(java.util.List)
    53:54:public final com.yelinaung.luluaung.model.network.Datum withId(java.lang.String)
...
kotlin.collections.ArraysKt___ArraysKt$asIterable$$inlined$Iterable$3
kotlin.collections.ArraysKt___ArraysKt$asIterable$$inlined$Iterable$4
kotlin.collections.ArraysKt___ArraysKt$asIterable$$inlined$Iterable$5
kotlin.collections.ArraysKt___ArraysKt$asIterable$$inlined$Iterable$6
kotlin.collections.ArraysKt___ArraysKt$asIterable$$inlined$Iterable$7
kotlin.collections.ArraysKt___ArraysKt$asIterable$$inlined$Iterable$8
kotlin.collections.ArraysKt___ArraysKt$asIterable$$inlined$Iterable$9
kotlin.collections.ArraysKt___ArraysKt$asList$1
kotlin.collections.ArraysKt___ArraysKt$asList$2
kotlin.collections.ArraysKt___ArraysKt$asList$3
kotlin.collections.ArraysKt___ArraysKt$asList$4
kotlin.collections.ArraysKt___ArraysKt$asList$5
kotlin.collections.ArraysKt___ArraysKt$asList$6
kotlin.collections.ArraysKt___ArraysKt$asList$7
kotlin.collections.ArraysKt___ArraysKt$asList$8
kotlin.collections.ArraysKt___ArraysKt$asSequence$$inlined$Sequence$1
kotlin.collections.ArraysKt___ArraysKt$asSequence$$inlined$Sequence$2
kotlin.collections.ArraysKt___ArraysKt$asSequence$$inlined$Sequence$3
kotlin.collections.ArraysKt___ArraysKt$asSequence$$inlined$Sequence$4
kotlin.collections.ArraysKt___ArraysKt$asSequence$$inlined$Sequence$5
kotlin.collections.ArraysKt___ArraysKt$asSequence$$inlined$Sequence$6
kotlin.collections.ArraysKt___ArraysKt$asSequence$$inlined$Sequence$7
kotlin.collections.ArraysKt___ArraysKt$asSequence$$inlined$Sequence$8
kotlin.collections.ArraysKt___ArraysKt$asSequence$$inlined$Sequence$9
kotlin.collections.ArraysKt___ArraysKt$withIndex$1
kotlin.collections.ArraysKt___ArraysKt$withIndex$2
kotlin.collections.ArraysKt___ArraysKt$withIndex$3
kotlin.collections.ArraysKt___ArraysKt$withIndex$4
kotlin.collections.ArraysKt___ArraysKt$withIndex$5
kotlin.collections.ArraysKt___ArraysKt$withIndex$6
kotlin.collections.ArraysKt___ArraysKt$withIndex$7
kotlin.collections.ArraysKt___ArraysKt$withIndex$8
kotlin.collections.ArraysKt___ArraysKt$withIndex$9
kotlin.collections.ArraysUtilJVM
kotlin.collections.BooleanIterator
kotlin.collections.ByteIterator
kotlin.collections.CharIterator
kotlin.collections.CollectionsKt:
    private CollectionsKt()
kotlin.collections.CollectionsKt__CollectionsKt:
    66:66:public static final java.util.Collection asCollection(java.lang.Object[])
    82:82:public static final varargs java.util.List listOf(java.lang.Object[])
    86:86:private static final java.util.List listOf()
    101:101:public static final varargs java.util.ArrayList arrayListOf(java.lang.Object[])
    104:104:public static final java.util.List listOfNotNull(java.lang.Object)
    107:107:public static final varargs java.util.List listOfNotNull(java.lang.Object[])
    113:113:public static final kotlin.ranges.IntRange getIndices(java.util.Collection)
    125:125:private static final boolean isNotEmpty(java.util.Collection)
    129:129:private static final java.util.Collection orEmpty(java.util.Collection)
    133:133:private static final java.util.List orEmpty(java.util.List)
    141:141:private static final java.util.List toList(java.util.Enumeration)
    149:149:private static final boolean containsAll(java.util.Collection,java.util.Collection)
    181:198:public static final int binarySearch(java.util.List,java.lang.Comparable,int,int)
    180:180:public static bridge synthetic int binarySearch$default(java.util.List,java.lang.Comparable,int,int,int,java.lang.Object)
    216:233:public static final int binarySearch(java.util.List,java.lang.Object,java.util.Comparator,int,int)
kotlin.collections.CollectionsKt__CollectionsKt$binarySearchBy$1